<?xml version="1.0" encoding="UTF-8"?>
<testng-results skipped="0" failed="1" ignored="0" total="2" passed="1">
  <reporter-output>
  </reporter-output>
  <suite name="Default suite" duration-ms="6732" started-at="2021-09-03T11:23:46Z" finished-at="2021-09-03T11:23:53Z">
    <groups>
    </groups>
    <test name="Default test" duration-ms="6732" started-at="2021-09-03T11:23:46Z" finished-at="2021-09-03T11:23:53Z">
      <class name="com.app.tests.dressespagetest">
        <test-method status="PASS" signature="verifyshortcheckbox()[pri:0, instance:com.app.tests.dressespagetest@3e27aa33]" name="verifyshortcheckbox" duration-ms="4323" started-at="2021-09-03T16:53:46Z" finished-at="2021-09-03T16:53:50Z">
          <reporter-output>
          </reporter-output>
        </test-method> <!-- verifyshortcheckbox -->
        <test-method status="FAIL" signature="verifythecountofproducts()[pri:0, instance:com.app.tests.dressespagetest@3e27aa33]" name="verifythecountofproducts" duration-ms="2338" started-at="2021-09-03T16:53:50Z" finished-at="2021-09-03T16:53:53Z">
          <exception class="java.lang.NumberFormatException">
            <message>
              <![CDATA[For input string: "e"]]>
            </message>
            <full-stacktrace>
              <![CDATA[java.lang.NumberFormatException: For input string: "e"
	at java.lang.NumberFormatException.forInputString(NumberFormatException.java:65)
	at java.lang.Integer.parseInt(Integer.java:580)
	at java.lang.Integer.parseInt(Integer.java:615)
	at com.app.pages.dressespageobject.getproductcountfromtheheading(dressespageobject.java:40)
	at com.app.tests.dressespagetest.verifythecountofproducts(dressespagetest.java:27)
	at sun.reflect.NativeMethodAccessorImpl.invoke0(Native Method)
	at sun.reflect.NativeMethodAccessorImpl.invoke(NativeMethodAccessorImpl.java:62)
	at sun.reflect.DelegatingMethodAccessorImpl.invoke(DelegatingMethodAccessorImpl.java:43)
	at java.lang.reflect.Method.invoke(Method.java:498)
	at org.testng.internal.MethodInvocationHelper.invokeMethod(MethodInvocationHelper.java:104)
	at org.testng.internal.Invoker.invokeMethod(Invoker.java:645)
	at org.testng.internal.Invoker.invokeTestMethod(Invoker.java:851)
	at org.testng.internal.Invoker.invokeTestMethods(Invoker.java:1177)
	at org.testng.internal.TestMethodWorker.invokeTestMethods(TestMethodWorker.java:129)
	at org.testng.internal.TestMethodWorker.run(TestMethodWorker.java:112)
	at org.testng.TestRunner.privateRun(TestRunner.java:756)
	at org.testng.TestRunner.run(TestRunner.java:610)
	at org.testng.SuiteRunner.runTest(SuiteRunner.java:387)
	at org.testng.SuiteRunner.runSequentially(SuiteRunner.java:382)
	at org.testng.SuiteRunner.privateRun(SuiteRunner.java:340)
	at org.testng.SuiteRunner.run(SuiteRunner.java:289)
	at org.testng.SuiteRunnerWorker.runSuite(SuiteRunnerWorker.java:52)
	at org.testng.SuiteRunnerWorker.run(SuiteRunnerWorker.java:86)
	at org.testng.TestNG.runSuitesSequentially(TestNG.java:1293)
	at org.testng.TestNG.runSuitesLocally(TestNG.java:1218)
	at org.testng.TestNG.runSuites(TestNG.java:1133)
	at org.testng.TestNG.run(TestNG.java:1104)
	at org.testng.remote.AbstractRemoteTestNG.run(AbstractRemoteTestNG.java:132)
	at org.testng.remote.RemoteTestNG.initAndRun(RemoteTestNG.java:236)
	at org.testng.remote.RemoteTestNG.main(RemoteTestNG.java:81)
]]>
            </full-stacktrace>
          </exception> <!-- java.lang.NumberFormatException -->
          <reporter-output>
          </reporter-output>
        </test-method> <!-- verifythecountofproducts -->
      </class> <!-- com.app.tests.dressespagetest -->
    </test> <!-- Default test -->
  </suite> <!-- Default suite -->
</testng-results>
